run_id=20260429_073511
pipeline=hibrido_por_pagina_v1
archivo_pdf=contracts_sample_20260429_073511_7e64922c.pdf
paginas_detectadas=1
paginas_candidatas_ocr=
fallback_legacy_activado=false
ocr_env_mode=ocr_unavailable
ocr_ready=false
pdftoppm_available=false
pdftoppm_path=
pdftoppm_version=
tesseract_available=false
tesseract_path=
tesseract_version=
ocr_env_warnings=No se detecto pdftoppm en PATH ni via PDFTOPPM_PATH. || No se detecto tesseract en PATH ni via TESSERACT_PATH.
timing_total_ms=476.41
timing_extraccion_nativa_ms=240.2
timing_ocr_ms=0
timing_limpieza_ms=0.06
timing_extraccion_semantica_ms=0.21
validation_status=valido_con_advertencias
validation_errors=
validation_warnings=resultado_con_campos_extraidos_parciales
aneca_canonical_file=contracts_sample_20260429_073511_7e64922c.aneca.canonico.json
aneca_canonical_ready=true
aneca_canonical_validation_status=valido_con_advertencias
aneca_canonical_validation_errors=
aneca_canonical_validation_warnings=comite_no_identificado
paginas_texto_nativo=1
paginas_ocr=0
paginas_mixto=0
paginas_otras=0
paginas_con_error_parcial=0
eventos=ocr_env_mode:ocr_unavailable | ocr_env_warning:No se detecto pdftoppm en PATH ni via PDFTOPPM_PATH. | ocr_env_warning:No se detecto tesseract en PATH ni via TESSERACT_PATH. | extraccion_nativa_ok | normalizacion_aneca_ok
