run_id=20260417_110306
pipeline=hibrido_por_pagina_v1
archivo_pdf=smoke_20260417_110306_80a6c4_ok.pdf
paginas_detectadas=1
paginas_candidatas_ocr=
fallback_legacy_activado=false
ocr_env_mode=ocr_unavailable
ocr_ready=false
pdftoppm_available=false
pdftoppm_path=
pdftoppm_version=
tesseract_available=false
tesseract_path=
tesseract_version=
ocr_env_warnings=No se detecto pdftoppm en PATH ni via PDFTOPPM_PATH. || No se detecto tesseract en PATH ni via TESSERACT_PATH.
timing_total_ms=471.5
timing_extraccion_nativa_ms=230.92
timing_ocr_ms=0
timing_limpieza_ms=0.08
timing_extraccion_semantica_ms=0.24
paginas_texto_nativo=1
paginas_ocr=0
paginas_mixto=0
paginas_otras=0
paginas_con_error_parcial=0
eventos=ocr_env_mode:ocr_unavailable | ocr_env_warning:No se detecto pdftoppm en PATH ni via PDFTOPPM_PATH. | ocr_env_warning:No se detecto tesseract en PATH ni via TESSERACT_PATH. | extraccion_nativa_ok
