[2026-04-21T15:00:23+00:00] job_creado estado=pendiente archivo=cv_cache_smoke_20260421_150023_7da65a4d.pdf
[2026-04-21T15:00:23+00:00] upload_recibido archivo_original=cv_cache_smoke.pdf tamano_bytes=38672 es_pesado=false queued_only=false cache_hit=false cache_estado=obsoleta aneca_canonical_ready=false aneca_canonical_validation_status= motivo_invalidation=version_baremo_changed
[2026-04-21T15:00:23+00:00] cache_obsoleta_por_cambio_version motivo=version_baremo_changed
[2026-04-21T15:00:23+00:00] cache_miss cache_estado=obsoleta motivo=version_baremo_changed
[2026-04-21T15:00:23+00:00] fase=procesando_pdf estado=procesando_pdf progreso=5
[2026-04-21T15:00:23+00:00] inicio_worker hash_pdf=b079ab2201c676e7f2866470293da3dd42f3b6ee9966d77057ab4bbc378e60cc pdf=cv_cache_smoke_20260421_150023_7da65a4d.pdf
[2026-04-21T15:00:23+00:00] fase=inicio_pipeline estado=procesando_pdf progreso=5
[2026-04-21T15:00:23+00:00] fase_callback estado=procesando_pdf progreso=5 fase=inicio_pipeline
[2026-04-21T15:00:23+00:00] fase=extraccion_nativa estado=procesando_pdf progreso=18
[2026-04-21T15:00:23+00:00] fase_callback estado=procesando_pdf progreso=18 fase=extraccion_nativa
[2026-04-21T15:00:24+00:00] fase=limpieza_texto estado=extrayendo_meritos progreso=72
[2026-04-21T15:00:24+00:00] fase_callback estado=extrayendo_meritos progreso=72 fase=limpieza_texto
[2026-04-21T15:00:24+00:00] fase=extraccion_semantica estado=extrayendo_meritos progreso=82
[2026-04-21T15:00:24+00:00] fase_callback estado=extrayendo_meritos progreso=82 fase=extraccion_semantica
[2026-04-21T15:00:24+00:00] fase=calculando_puntuacion estado=calculando_puntuacion progreso=90
[2026-04-21T15:00:24+00:00] fase_callback estado=calculando_puntuacion progreso=90 fase=calculando_puntuacion
[2026-04-21T15:00:24+00:00] fase=validando_resultado estado=validando_resultado progreso=95
[2026-04-21T15:00:24+00:00] fase_callback estado=validando_resultado progreso=95 fase=validando_resultado
[2026-04-21T15:00:24+00:00] fase=pipeline_finalizado estado=validando_resultado progreso=100
[2026-04-21T15:00:24+00:00] fase_callback estado=validando_resultado progreso=100 fase=pipeline_finalizado
[2026-04-21T15:00:24+00:00] fase=calculando_puntuacion estado=calculando_puntuacion progreso=90
[2026-04-21T15:00:24+00:00] fase_calculando_puntuacion placeholder
[2026-04-21T15:00:24+00:00] fase=validando_resultado estado=validando_resultado progreso=95
[2026-04-21T15:00:24+00:00] validacion_resultado status=valido_con_advertencias warnings=resultado_con_campos_extraidos_parciales
[2026-04-21T15:00:24+00:00] cache_guardada_correctamente cache_key=cache_b079ab2201c676e7_d35f94a7434f668c cache_estado=valida validation_status=valido_con_advertencias aneca_canonical_ready=true aneca_canonical_validation_status=valido_con_advertencias
[2026-04-21T15:00:24+00:00] job_finalizado estado=error_parcial tiempo_total_ms=480.12 error_parcial=true
[2026-04-21T15:00:24+00:00] fin_worker estado=error_parcial tiempo_total_ms=480.12 cache_guardada=true
